[2016-08-18 17:04:01] my_logger.INFO: Something interesting happened [] []
[2016-08-18 17:05:27] my_logger.INFO: Something interesting happened [] []
[2016-08-18 17:15:52] my_logger.INFO: Something interesting happened [] []
[2016-08-18 17:15:52] my_logger.ERROR: Bar [] []
[2016-08-18 17:18:49] my_logger.INFO: Something interesting happened [] []
[2016-08-18 17:18:49] my_logger.ERROR: myerror [] []
[2016-08-18 17:21:01] my_logger.INFO: Something interesting happened [] []
[2016-08-18 17:21:01] my_logger.ERROR:  [] []
[2016-08-18 17:21:01] my_logger.WARNING:  [] []
[2016-08-18 17:48:28] my_logger.INFO: Something interesting happened [] []
[2016-08-18 17:48:28] my_logger.ERROR:  [] []
[2016-08-18 17:48:28] my_logger.WARNING:  [] []
[2016-08-18 17:58:46] my_logger.INFO: Something  happened [] []
[2016-08-18 17:58:46] my_logger.ERROR:  [] []
[2016-08-18 17:58:46] my_logger.WARNING:  [] []
[2016-08-18 17:58:48] my_logger.INFO: Something  happened [] []
[2016-08-18 17:58:48] my_logger.ERROR:  [] []
[2016-08-18 17:58:48] my_logger.WARNING:  [] []
[2016-08-18 18:18:19] my_logger.INFO: Something  happened [] []
[2016-08-18 18:18:19] my_logger.ERROR:  [] []
[2016-08-18 18:18:19] my_logger.WARNING:  [] []
[2016-08-18 18:31:48] my_logger.INFO: Something  happened [] []
[2016-08-18 18:31:48] my_logger.ERROR:  [] []
[2016-08-18 18:31:48] my_logger.WARNING:  [] []
[2016-08-21 12:36:51] my_logger.INFO: Something  happened [] []
[2016-08-21 12:36:51] my_logger.ERROR:  [] []
[2016-08-21 12:36:51] my_logger.WARNING:  [] []
[2016-08-21 12:43:08] my_logger.INFO: Something  happened [] []
[2016-08-21 12:43:08] my_logger.ERROR:  [] []
[2016-08-21 12:43:08] my_logger.WARNING:  [] []
[2016-08-21 12:44:58] my_logger.INFO: Something  happened [] []
[2016-08-21 12:44:58] my_logger.ERROR:  [] []
[2016-08-21 12:44:58] my_logger.WARNING:  [] []
[2016-08-21 12:45:04] my_logger.INFO: Something  happened [] []
[2016-08-21 12:45:04] my_logger.ERROR:  [] []
[2016-08-21 12:45:04] my_logger.WARNING:  [] []
[2016-08-21 12:48:25] my_logger.INFO: Something  happened [] []
[2016-08-21 12:48:25] my_logger.ERROR:  [] []
[2016-08-21 12:48:25] my_logger.WARNING:  [] []
[2016-08-21 12:48:35] my_logger.INFO: Something  happened [] []
[2016-08-21 12:48:35] my_logger.ERROR:  [] []
[2016-08-21 12:48:35] my_logger.WARNING:  [] []
[2016-08-21 13:00:19] my_logger.INFO: Something  happened [] []
[2016-08-21 13:00:19] my_logger.ERROR:  [] []
[2016-08-21 13:00:19] my_logger.WARNING:  [] []
[2016-08-21 13:00:24] my_logger.INFO: Something  happened [] []
[2016-08-21 13:00:24] my_logger.ERROR:  [] []
[2016-08-21 13:00:24] my_logger.WARNING:  [] []
[2016-08-21 13:01:25] my_logger.INFO: Something  happened [] []
[2016-08-21 13:01:25] my_logger.ERROR:  [] []
[2016-08-21 13:01:25] my_logger.WARNING:  [] []
[2016-08-21 13:05:41] my_logger.INFO: Something  happened [] []
[2016-08-21 13:05:41] my_logger.ERROR:  [] []
[2016-08-21 13:05:41] my_logger.WARNING:  [] []
[2016-08-21 13:12:00] my_logger.INFO: Something  happened [] []
[2016-08-21 13:12:00] my_logger.ERROR:  [] []
[2016-08-21 13:12:00] my_logger.WARNING:  [] []
[2016-08-21 13:12:11] my_logger.INFO: Something  happened [] []
[2016-08-21 13:12:11] my_logger.ERROR:  [] []
[2016-08-21 13:12:11] my_logger.WARNING:  [] []
[2016-08-21 13:13:31] my_logger.INFO: Something  happened [] []
[2016-08-21 13:13:31] my_logger.ERROR:  [] []
[2016-08-21 13:13:31] my_logger.WARNING:  [] []
[2016-08-21 13:17:40] my_logger.INFO: Something  happened [] []
[2016-08-21 13:17:40] my_logger.ERROR:  [] []
[2016-08-21 13:17:40] my_logger.WARNING:  [] []
[2016-08-21 13:26:56] my_logger.INFO: Something  happened [] []
[2016-08-21 13:26:56] my_logger.ERROR:  [] []
[2016-08-21 13:26:56] my_logger.WARNING:  [] []
[2016-08-21 13:27:17] my_logger.INFO: Something  happened [] []
[2016-08-21 13:27:17] my_logger.ERROR:  [] []
[2016-08-21 13:27:17] my_logger.WARNING:  [] []
[2016-08-21 13:27:24] my_logger.INFO: Something  happened [] []
[2016-08-21 13:27:24] my_logger.ERROR:  [] []
[2016-08-21 13:27:24] my_logger.WARNING:  [] []
[2016-08-21 13:27:39] my_logger.INFO: Something  happened [] []
[2016-08-21 13:27:39] my_logger.ERROR:  [] []
[2016-08-21 13:27:39] my_logger.WARNING:  [] []
[2016-08-21 13:38:23] my_logger.INFO: Something  happened [] []
[2016-08-21 13:38:23] my_logger.ERROR:  [] []
[2016-08-21 13:38:23] my_logger.WARNING:  [] []
[2016-08-21 13:42:48] my_logger.INFO: Something  happened [] []
[2016-08-21 13:42:48] my_logger.ERROR:  [] []
[2016-08-21 13:42:48] my_logger.WARNING:  [] []
[2016-08-21 13:45:57] my_logger.INFO: Something  happened [] []
[2016-08-21 13:45:57] my_logger.ERROR:  [] []
[2016-08-21 13:45:57] my_logger.WARNING:  [] []
[2016-08-21 13:46:38] my_logger.INFO: Something  happened [] []
[2016-08-21 13:46:38] my_logger.ERROR:  [] []
[2016-08-21 13:46:38] my_logger.WARNING:  [] []
[2016-08-21 13:49:43] my_logger.INFO: Something  happened [] []
[2016-08-21 13:49:43] my_logger.ERROR:  [] []
[2016-08-21 13:49:43] my_logger.WARNING:  [] []
[2016-08-21 13:59:54] my_logger.INFO: Something  happened [] []
[2016-08-21 13:59:54] my_logger.ERROR:  [] []
[2016-08-21 13:59:54] my_logger.WARNING:  [] []
[2016-08-21 14:00:47] my_logger.INFO: Something  happened [] []
[2016-08-21 14:00:47] my_logger.ERROR:  [] []
[2016-08-21 14:00:47] my_logger.WARNING:  [] []
[2016-08-21 14:00:50] my_logger.INFO: Something  happened [] []
[2016-08-21 14:00:50] my_logger.ERROR:  [] []
[2016-08-21 14:00:50] my_logger.WARNING:  [] []
[2016-08-21 14:03:30] my_logger.INFO: Something  happened [] []
[2016-08-21 14:03:30] my_logger.ERROR:  [] []
[2016-08-21 14:03:30] my_logger.WARNING:  [] []
[2016-08-21 14:03:55] my_logger.INFO: Something  happened [] []
[2016-08-21 14:03:55] my_logger.ERROR:  [] []
[2016-08-21 14:03:55] my_logger.WARNING:  [] []
[2016-08-21 14:05:15] my_logger.INFO: Something  happened [] []
[2016-08-21 14:05:15] my_logger.ERROR:  [] []
[2016-08-21 14:05:15] my_logger.WARNING:  [] []
[2016-08-21 14:05:33] my_logger.INFO: Something  happened [] []
[2016-08-21 14:05:33] my_logger.ERROR:  [] []
[2016-08-21 14:05:33] my_logger.WARNING:  [] []
[2016-08-21 14:05:36] my_logger.INFO: Something  happened [] []
[2016-08-21 14:05:36] my_logger.ERROR:  [] []
[2016-08-21 14:05:36] my_logger.WARNING:  [] []
[2016-08-21 14:06:00] my_logger.INFO: Something  happened [] []
[2016-08-21 14:06:00] my_logger.ERROR:  [] []
[2016-08-21 14:06:00] my_logger.WARNING:  [] []
[2016-08-21 14:17:10] my_logger.INFO: Something  happened [] []
[2016-08-21 14:17:10] my_logger.ERROR:  [] []
[2016-08-21 14:17:10] my_logger.WARNING:  [] []
[2016-08-21 14:32:08] my_logger.INFO: Something  happened [] []
[2016-08-21 14:32:08] my_logger.ERROR:  [] []
[2016-08-21 14:32:08] my_logger.WARNING:  [] []
[2016-08-21 14:36:16] my_logger.INFO: Something  happened [] []
[2016-08-21 14:36:16] my_logger.ERROR:  [] []
[2016-08-21 14:36:16] my_logger.WARNING:  [] []
[2016-08-21 14:37:31] my_logger.INFO: Something  happened [] []
[2016-08-21 14:37:31] my_logger.ERROR:  [] []
[2016-08-21 14:37:31] my_logger.WARNING:  [] []
[2016-08-21 14:37:48] my_logger.INFO: Something  happened [] []
[2016-08-21 14:37:48] my_logger.ERROR:  [] []
[2016-08-21 14:37:48] my_logger.WARNING:  [] []
[2016-08-21 14:38:09] my_logger.INFO: Something  happened [] []
[2016-08-21 14:38:09] my_logger.ERROR:  [] []
[2016-08-21 14:38:09] my_logger.WARNING:  [] []
[2016-08-21 14:39:15] my_logger.INFO: Something  happened [] []
[2016-08-21 14:39:15] my_logger.ERROR:  [] []
[2016-08-21 14:39:15] my_logger.WARNING:  [] []
[2016-08-21 14:40:26] my_logger.INFO: Something  happened [] []
[2016-08-21 14:40:26] my_logger.ERROR:  [] []
[2016-08-21 14:40:26] my_logger.WARNING:  [] []
[2016-08-21 14:41:19] my_logger.INFO: Something  happened [] []
[2016-08-21 14:41:19] my_logger.ERROR:  [] []
[2016-08-21 14:41:19] my_logger.WARNING:  [] []
[2016-08-21 14:57:35] my_logger.INFO: Something  happened [] []
[2016-08-21 14:57:35] my_logger.ERROR:  [] []
[2016-08-21 14:57:35] my_logger.WARNING:  [] []
[2016-08-21 14:59:18] my_logger.INFO: Something  happened [] []
[2016-08-21 14:59:18] my_logger.ERROR:  [] []
[2016-08-21 14:59:18] my_logger.WARNING:  [] []
[2016-08-21 14:59:30] my_logger.INFO: Something  happened [] []
[2016-08-21 14:59:30] my_logger.ERROR:  [] []
[2016-08-21 14:59:30] my_logger.WARNING:  [] []
[2016-08-21 15:04:15] my_logger.INFO: Something  happened [] []
[2016-08-21 15:04:15] my_logger.ERROR:  [] []
[2016-08-21 15:04:15] my_logger.WARNING:  [] []
[2016-08-21 15:51:46] my_logger.INFO: Something  happened [] []
[2016-08-21 15:51:46] my_logger.ERROR:  [] []
[2016-08-21 15:51:46] my_logger.WARNING:  [] []
[2016-08-21 15:58:26] my_logger.INFO: Something  happened [] []
[2016-08-21 15:58:26] my_logger.ERROR:  [] []
[2016-08-21 15:58:26] my_logger.WARNING:  [] []
[2016-08-21 15:58:28] my_logger.INFO: Something  happened [] []
[2016-08-21 15:58:28] my_logger.ERROR:  [] []
[2016-08-21 15:58:28] my_logger.WARNING:  [] []
[2016-08-21 15:58:37] my_logger.INFO: Something  happened [] []
[2016-08-21 15:58:37] my_logger.ERROR:  [] []
[2016-08-21 15:58:37] my_logger.WARNING:  [] []
[2016-08-21 15:59:41] my_logger.INFO: Something  happened [] []
[2016-08-21 15:59:41] my_logger.ERROR:  [] []
[2016-08-21 15:59:41] my_logger.WARNING:  [] []
[2016-08-21 16:01:06] my_logger.INFO: Something  happened [] []
[2016-08-21 16:01:06] my_logger.ERROR:  [] []
[2016-08-21 16:01:06] my_logger.WARNING:  [] []
[2016-08-21 16:05:52] my_logger.INFO: Something  happened [] []
[2016-08-21 16:05:52] my_logger.ERROR:  [] []
[2016-08-21 16:05:52] my_logger.WARNING:  [] []
[2016-08-21 16:11:27] my_logger.INFO: Something  happened [] []
[2016-08-21 16:11:27] my_logger.ERROR:  [] []
[2016-08-21 16:11:27] my_logger.WARNING:  [] []
[2016-08-21 16:11:34] my_logger.INFO: Something  happened [] []
[2016-08-21 16:11:34] my_logger.ERROR:  [] []
[2016-08-21 16:11:34] my_logger.WARNING:  [] []
[2016-08-21 16:11:57] my_logger.INFO: Something  happened [] []
[2016-08-21 16:11:57] my_logger.ERROR:  [] []
[2016-08-21 16:11:57] my_logger.WARNING:  [] []
[2016-08-21 16:12:32] my_logger.INFO: Something  happened [] []
[2016-08-21 16:12:32] my_logger.ERROR:  [] []
[2016-08-21 16:12:32] my_logger.WARNING:  [] []
[2016-08-21 16:13:38] my_logger.INFO: Something  happened [] []
[2016-08-21 16:13:38] my_logger.ERROR:  [] []
[2016-08-21 16:13:38] my_logger.WARNING:  [] []
[2016-08-21 16:29:00] my_logger.INFO: Something  happened [] []
[2016-08-21 16:29:00] my_logger.ERROR:  [] []
[2016-08-21 16:29:00] my_logger.WARNING:  [] []
[2016-08-21 16:29:41] my_logger.INFO: Something  happened [] []
[2016-08-21 16:29:41] my_logger.ERROR:  [] []
[2016-08-21 16:29:41] my_logger.WARNING:  [] []
[2016-08-21 16:31:29] my_logger.INFO: Something  happened [] []
[2016-08-21 16:31:29] my_logger.ERROR:  [] []
[2016-08-21 16:31:29] my_logger.WARNING:  [] []
[2016-08-21 16:31:48] my_logger.INFO: Something  happened [] []
[2016-08-21 16:31:48] my_logger.ERROR:  [] []
[2016-08-21 16:31:48] my_logger.WARNING:  [] []
[2016-08-21 16:32:09] my_logger.INFO: Something  happened [] []
[2016-08-21 16:32:09] my_logger.ERROR:  [] []
[2016-08-21 16:32:09] my_logger.WARNING:  [] []
[2016-08-21 16:32:30] my_logger.INFO: Something  happened [] []
[2016-08-21 16:32:30] my_logger.ERROR:  [] []
[2016-08-21 16:32:30] my_logger.WARNING:  [] []
[2016-08-21 16:32:43] my_logger.INFO: Something  happened [] []
[2016-08-21 16:32:43] my_logger.ERROR:  [] []
[2016-08-21 16:32:43] my_logger.WARNING:  [] []
[2016-08-21 16:33:25] my_logger.INFO: Something  happened [] []
[2016-08-21 16:33:25] my_logger.ERROR:  [] []
[2016-08-21 16:33:25] my_logger.WARNING:  [] []
[2016-08-21 16:34:08] my_logger.INFO: Something  happened [] []
[2016-08-21 16:34:08] my_logger.ERROR:  [] []
[2016-08-21 16:34:08] my_logger.WARNING:  [] []
[2016-08-21 16:34:48] my_logger.INFO: Something  happened [] []
[2016-08-21 16:34:48] my_logger.ERROR:  [] []
[2016-08-21 16:34:48] my_logger.WARNING:  [] []
[2016-08-21 16:35:52] my_logger.INFO: Something  happened [] []
[2016-08-21 16:35:52] my_logger.ERROR:  [] []
[2016-08-21 16:35:52] my_logger.WARNING:  [] []
[2016-08-21 16:38:34] my_logger.INFO: Something  happened [] []
[2016-08-21 16:38:34] my_logger.ERROR:  [] []
[2016-08-21 16:38:34] my_logger.WARNING:  [] []
[2016-08-21 16:53:01] my_logger.INFO: Something  happened [] []
[2016-08-21 16:53:01] my_logger.ERROR:  [] []
[2016-08-21 16:53:01] my_logger.WARNING:  [] []
[2016-08-21 16:53:24] my_logger.INFO: Something  happened [] []
[2016-08-21 16:53:24] my_logger.ERROR:  [] []
[2016-08-21 16:53:24] my_logger.WARNING:  [] []
[2016-08-21 16:53:31] my_logger.INFO: Something  happened [] []
[2016-08-21 16:53:31] my_logger.ERROR:  [] []
[2016-08-21 16:53:31] my_logger.WARNING:  [] []
[2016-08-21 16:54:15] my_logger.INFO: Something  happened [] []
[2016-08-21 16:54:15] my_logger.ERROR:  [] []
[2016-08-21 16:54:15] my_logger.WARNING:  [] []
[2016-08-21 16:54:36] my_logger.INFO: Something  happened [] []
[2016-08-21 16:54:36] my_logger.ERROR:  [] []
[2016-08-21 16:54:36] my_logger.WARNING:  [] []
[2016-08-21 16:58:56] my_logger.INFO: Something  happened [] []
[2016-08-21 16:58:56] my_logger.ERROR:  [] []
[2016-08-21 16:58:56] my_logger.WARNING:  [] []
[2016-08-21 16:59:19] my_logger.INFO: Something  happened [] []
[2016-08-21 16:59:19] my_logger.ERROR:  [] []
[2016-08-21 16:59:19] my_logger.WARNING:  [] []
[2016-08-21 16:59:37] my_logger.INFO: Something  happened [] []
[2016-08-21 16:59:37] my_logger.ERROR:  [] []
[2016-08-21 16:59:37] my_logger.WARNING:  [] []
[2016-08-21 17:00:22] my_logger.INFO: Something  happened [] []
[2016-08-21 17:00:22] my_logger.ERROR:  [] []
[2016-08-21 17:00:22] my_logger.WARNING:  [] []
[2016-08-21 17:00:29] my_logger.INFO: Something  happened [] []
[2016-08-21 17:00:29] my_logger.ERROR:  [] []
[2016-08-21 17:00:29] my_logger.WARNING:  [] []
[2016-08-21 17:02:22] my_logger.INFO: Something  happened [] []
[2016-08-21 17:02:22] my_logger.ERROR:  [] []
[2016-08-21 17:02:22] my_logger.WARNING:  [] []
[2016-08-21 17:02:24] my_logger.INFO: Something  happened [] []
[2016-08-21 17:02:24] my_logger.ERROR:  [] []
[2016-08-21 17:02:24] my_logger.WARNING:  [] []
[2016-08-21 17:02:59] my_logger.INFO: Something  happened [] []
[2016-08-21 17:02:59] my_logger.ERROR:  [] []
[2016-08-21 17:02:59] my_logger.WARNING:  [] []
[2016-08-21 17:04:08] my_logger.INFO: Something  happened [] []
[2016-08-21 17:04:08] my_logger.ERROR:  [] []
[2016-08-21 17:04:08] my_logger.WARNING:  [] []
[2016-08-21 17:04:30] my_logger.INFO: Something  happened [] []
[2016-08-21 17:04:30] my_logger.ERROR:  [] []
[2016-08-21 17:04:30] my_logger.WARNING:  [] []
[2016-08-21 17:04:50] my_logger.INFO: Something  happened [] []
[2016-08-21 17:04:50] my_logger.ERROR:  [] []
[2016-08-21 17:04:50] my_logger.WARNING:  [] []
[2016-08-21 17:05:08] my_logger.INFO: Something  happened [] []
[2016-08-21 17:05:08] my_logger.ERROR:  [] []
[2016-08-21 17:05:08] my_logger.WARNING:  [] []
[2016-08-21 17:05:20] my_logger.INFO: Something  happened [] []
[2016-08-21 17:05:20] my_logger.ERROR:  [] []
[2016-08-21 17:05:20] my_logger.WARNING:  [] []
[2016-08-21 17:05:31] my_logger.INFO: Something  happened [] []
[2016-08-21 17:05:31] my_logger.ERROR:  [] []
[2016-08-21 17:05:31] my_logger.WARNING:  [] []
[2016-08-21 17:05:55] my_logger.INFO: Something  happened [] []
[2016-08-21 17:05:55] my_logger.ERROR:  [] []
[2016-08-21 17:05:55] my_logger.WARNING:  [] []
[2016-08-21 17:06:12] my_logger.INFO: Something  happened [] []
[2016-08-21 17:06:12] my_logger.ERROR:  [] []
[2016-08-21 17:06:12] my_logger.WARNING:  [] []
[2016-08-21 17:06:15] my_logger.INFO: Something  happened [] []
[2016-08-21 17:06:15] my_logger.ERROR:  [] []
[2016-08-21 17:06:15] my_logger.WARNING:  [] []
[2016-08-21 17:06:19] my_logger.INFO: Something  happened [] []
[2016-08-21 17:06:19] my_logger.ERROR:  [] []
[2016-08-21 17:06:19] my_logger.WARNING:  [] []
[2016-08-21 17:08:12] my_logger.INFO: Something  happened [] []
[2016-08-21 17:08:12] my_logger.ERROR:  [] []
[2016-08-21 17:08:12] my_logger.WARNING:  [] []
[2016-08-21 17:08:55] my_logger.INFO: Something  happened [] []
[2016-08-21 17:08:55] my_logger.ERROR:  [] []
[2016-08-21 17:08:55] my_logger.WARNING:  [] []
[2016-08-21 17:15:11] my_logger.INFO: Something  happened [] []
[2016-08-21 17:15:11] my_logger.ERROR:  [] []
[2016-08-21 17:15:11] my_logger.WARNING:  [] []
[2016-08-21 17:16:24] my_logger.INFO: Something  happened [] []
[2016-08-21 17:16:24] my_logger.ERROR:  [] []
[2016-08-21 17:16:24] my_logger.WARNING:  [] []
[2016-08-21 17:16:44] my_logger.INFO: Something  happened [] []
[2016-08-21 17:16:44] my_logger.ERROR:  [] []
[2016-08-21 17:16:44] my_logger.WARNING:  [] []
[2016-08-21 17:22:16] my_logger.INFO: Something  happened [] []
[2016-08-21 17:22:16] my_logger.ERROR:  [] []
[2016-08-21 17:22:16] my_logger.WARNING:  [] []
[2016-08-21 17:22:37] my_logger.INFO: Something  happened [] []
[2016-08-21 17:22:37] my_logger.ERROR:  [] []
[2016-08-21 17:22:37] my_logger.WARNING:  [] []
[2016-08-21 17:22:59] my_logger.INFO: Something  happened [] []
[2016-08-21 17:22:59] my_logger.ERROR:  [] []
[2016-08-21 17:22:59] my_logger.WARNING:  [] []
